Replace Part C? CAP in D:\MyProjects\Automotive\Calibra\Modules\SPA_module\hw\SPA_module\STM32F103.SchDoc with CAP from DSW_Lib.DbLib
Replace Part C? CAP in D:\MyProjects\Automotive\Calibra\Modules\SPA_module\hw\SPA_module\STM32F103.SchDoc with CAP from DSW_Lib.DbLib
Replace Part C? CAP in D:\MyProjects\Automotive\Calibra\Modules\SPA_module\hw\SPA_module\STM32F103.SchDoc with CAP from DSW_Lib.DbLib
Replace Part C? CAP in D:\MyProjects\Automotive\Calibra\Modules\SPA_module\hw\SPA_module\STM32F103.SchDoc with CAP from DSW_Lib.DbLib
Replace Part C? CAP in D:\MyProjects\Automotive\Calibra\Modules\SPA_module\hw\SPA_module\STM32F103.SchDoc with CAP from DSW_Lib.DbLib
Replace Part C? CAP in D:\MyProjects\Automotive\Calibra\Modules\SPA_module\hw\SPA_module\STM32F103.SchDoc with CAP from DSW_Lib.DbLib
Replace Part C? CAP_POL in D:\MyProjects\Automotive\Calibra\Modules\SPA_module\hw\SPA_module\STM32F103.SchDoc with CAP_POL from DSW_Lib.DbLib
Replace Part C? CAP in D:\MyProjects\Automotive\Calibra\Modules\SPA_module\hw\SPA_module\STM32F103.SchDoc with CAP from DSW_Lib.DbLib
Replace Part C? CAP_POL in D:\MyProjects\Automotive\Calibra\Modules\SPA_module\hw\SPA_module\STM32F103.SchDoc with CAP_POL from DSW_Lib.DbLib
Replace Part C? CAP in D:\MyProjects\Automotive\Calibra\Modules\SPA_module\hw\SPA_module\STM32F103.SchDoc with CAP from DSW_Lib.DbLib
Replace Part C? CAP in D:\MyProjects\Automotive\Calibra\Modules\SPA_module\hw\SPA_module\STM32F103.SchDoc with CAP from DSW_Lib.DbLib
Replace Part C? CAP in D:\MyProjects\Automotive\Calibra\Modules\SPA_module\hw\SPA_module\STM32F103.SchDoc with CAP from DSW_Lib.DbLib
Replace Part CN? CN_1X4M in D:\MyProjects\Automotive\Calibra\Modules\SPA_module\hw\SPA_module\STM32F103.SchDoc with CN_1X4M from DSW_Lib.DbLib
Replace Part D? IC_LiteOn_LTV817 in D:\MyProjects\Automotive\Calibra\Modules\SPA_module\hw\SPA_module\STM32F103.SchDoc with IC_LiteOn_LTV817 from DSW_Lib.DbLib
Replace Part D? IC_LiteOn_LTV817 in D:\MyProjects\Automotive\Calibra\Modules\SPA_module\hw\SPA_module\STM32F103.SchDoc with IC_LiteOn_LTV817 from DSW_Lib.DbLib
Replace Part D? DIO_UNIDIRECTIONAL_TVS in D:\MyProjects\Automotive\Calibra\Modules\SPA_module\hw\SPA_module\STM32F103.SchDoc with DIO_UNIDIRECTIONAL_TVS from DSW_Lib.DbLib
Replace Part D? DIO in D:\MyProjects\Automotive\Calibra\Modules\SPA_module\hw\SPA_module\STM32F103.SchDoc with DIO from DSW_Lib.DbLib
Replace Part D? IC_STM_STM32F103C8T6 in D:\MyProjects\Automotive\Calibra\Modules\SPA_module\hw\SPA_module\STM32F103.SchDoc with IC_STM_STM32F103C8T6 from DSW_Lib.DbLib
Replace Part D? IC_STM_STM32F103C8T6 in D:\MyProjects\Automotive\Calibra\Modules\SPA_module\hw\SPA_module\STM32F103.SchDoc with IC_STM_STM32F103C8T6 from DSW_Lib.DbLib
Replace Part D? IC_STM_STM32F103C8T6 in D:\MyProjects\Automotive\Calibra\Modules\SPA_module\hw\SPA_module\STM32F103.SchDoc with IC_STM_STM32F103C8T6 from DSW_Lib.DbLib
Replace Part D? IC_STM_STM32F103C8T6 in D:\MyProjects\Automotive\Calibra\Modules\SPA_module\hw\SPA_module\STM32F103.SchDoc with IC_STM_STM32F103C8T6 from DSW_Lib.DbLib
Replace Part R? RES in D:\MyProjects\Automotive\Calibra\Modules\SPA_module\hw\SPA_module\STM32F103.SchDoc with RES from DSW_Lib.DbLib
Replace Part R? RES in D:\MyProjects\Automotive\Calibra\Modules\SPA_module\hw\SPA_module\STM32F103.SchDoc with RES from DSW_Lib.DbLib
Replace Part R? RES in D:\MyProjects\Automotive\Calibra\Modules\SPA_module\hw\SPA_module\STM32F103.SchDoc with RES from DSW_Lib.DbLib
Replace Part R? RES in D:\MyProjects\Automotive\Calibra\Modules\SPA_module\hw\SPA_module\STM32F103.SchDoc with RES from DSW_Lib.DbLib
Replace Part R? RES in D:\MyProjects\Automotive\Calibra\Modules\SPA_module\hw\SPA_module\STM32F103.SchDoc with RES from DSW_Lib.DbLib
Replace Part R? RES in D:\MyProjects\Automotive\Calibra\Modules\SPA_module\hw\SPA_module\STM32F103.SchDoc with RES from DSW_Lib.DbLib
Replace Part R? RES in D:\MyProjects\Automotive\Calibra\Modules\SPA_module\hw\SPA_module\STM32F103.SchDoc with RES from DSW_Lib.DbLib
Replace Part R? RES in D:\MyProjects\Automotive\Calibra\Modules\SPA_module\hw\SPA_module\STM32F103.SchDoc with RES from DSW_Lib.DbLib
Replace Part U? IC_TI_LM1117 in D:\MyProjects\Automotive\Calibra\Modules\SPA_module\hw\SPA_module\STM32F103.SchDoc with IC_TI_LM1117 from DSW_Lib.DbLib
Replace Part X? GEN_GEYER_KX-3H in D:\MyProjects\Automotive\Calibra\Modules\SPA_module\hw\SPA_module\STM32F103.SchDoc with GEN_GEYER_KX-3H from DSW_Lib.DbLib
