Replace Part C? CAP_POL in D:\MyProjects\Automotive\Calibra\Modules\SPA_module\hw\SPA_module\ultrasonic_radar.SchDoc with CAP_POL from DSW_Lib.DbLib
Replace Part C? CAP in D:\MyProjects\Automotive\Calibra\Modules\SPA_module\hw\SPA_module\ultrasonic_radar.SchDoc with CAP from DSW_Lib.DbLib
Replace Part C? CAP in D:\MyProjects\Automotive\Calibra\Modules\SPA_module\hw\SPA_module\ultrasonic_radar.SchDoc with CAP from DSW_Lib.DbLib
Replace Part C? CAP in D:\MyProjects\Automotive\Calibra\Modules\SPA_module\hw\SPA_module\ultrasonic_radar.SchDoc with CAP from DSW_Lib.DbLib
Replace Part C? CAP in D:\MyProjects\Automotive\Calibra\Modules\SPA_module\hw\SPA_module\ultrasonic_radar.SchDoc with CAP from DSW_Lib.DbLib
Replace Part C? CAP in D:\MyProjects\Automotive\Calibra\Modules\SPA_module\hw\SPA_module\ultrasonic_radar.SchDoc with CAP from DSW_Lib.DbLib
Replace Part C? CAP in D:\MyProjects\Automotive\Calibra\Modules\SPA_module\hw\SPA_module\ultrasonic_radar.SchDoc with CAP from DSW_Lib.DbLib
Replace Part C? CAP in D:\MyProjects\Automotive\Calibra\Modules\SPA_module\hw\SPA_module\ultrasonic_radar.SchDoc with CAP from DSW_Lib.DbLib
Replace Part C? CAP in D:\MyProjects\Automotive\Calibra\Modules\SPA_module\hw\SPA_module\ultrasonic_radar.SchDoc with CAP from DSW_Lib.DbLib
Replace Part D? DIO_BAV99 in D:\MyProjects\Automotive\Calibra\Modules\SPA_module\hw\SPA_module\ultrasonic_radar.SchDoc with DIO_BAV99 from DSW_Lib.DbLib
Replace Part D? DIO_BAV99 in D:\MyProjects\Automotive\Calibra\Modules\SPA_module\hw\SPA_module\ultrasonic_radar.SchDoc with DIO_BAV99 from DSW_Lib.DbLib
Replace Part IC_? IC_CD4052BM in D:\MyProjects\Automotive\Calibra\Modules\SPA_module\hw\SPA_module\ultrasonic_radar.SchDoc with IC_CD4052BM from DSW_Lib.DbLib
Replace Part IC_? IC_NE5532 in D:\MyProjects\Automotive\Calibra\Modules\SPA_module\hw\SPA_module\ultrasonic_radar.SchDoc with IC_NE5532 from DSW_Lib.DbLib
Replace Part IND_? IND_TS7708-3 in D:\MyProjects\Automotive\Calibra\Modules\SPA_module\hw\SPA_module\ultrasonic_radar.SchDoc with IND_TS7708-3 from IND_TS7708-3.SchLib
Replace Part IND_? IND_TS7708-3 in D:\MyProjects\Automotive\Calibra\Modules\SPA_module\hw\SPA_module\ultrasonic_radar.SchDoc with IND_TS7708-3 from IND_TS7708-3.SchLib
Replace Part IND_? IND_TS7708-3 in D:\MyProjects\Automotive\Calibra\Modules\SPA_module\hw\SPA_module\ultrasonic_radar.SchDoc with IND_TS7708-3 from IND_TS7708-3.SchLib
Replace Part IND_? IND_TS7708-3 in D:\MyProjects\Automotive\Calibra\Modules\SPA_module\hw\SPA_module\ultrasonic_radar.SchDoc with IND_TS7708-3 from IND_TS7708-3.SchLib
Replace Part Q? TRS_NPN_123 in D:\MyProjects\Automotive\Calibra\Modules\SPA_module\hw\SPA_module\ultrasonic_radar.SchDoc with TRS_NPN_123 from DSW_Lib.DbLib
Replace Part Q? TRS_NPN_123 in D:\MyProjects\Automotive\Calibra\Modules\SPA_module\hw\SPA_module\ultrasonic_radar.SchDoc with TRS_NPN_123 from DSW_Lib.DbLib
Replace Part Q? TRS_FETN_123 in D:\MyProjects\Automotive\Calibra\Modules\SPA_module\hw\SPA_module\ultrasonic_radar.SchDoc with TRS_FETN_123 from DSW_Lib.DbLib
Replace Part Q? TRS_FETN_123 in D:\MyProjects\Automotive\Calibra\Modules\SPA_module\hw\SPA_module\ultrasonic_radar.SchDoc with TRS_FETN_123 from DSW_Lib.DbLib
Replace Part Q? TRS_NPN_123 in D:\MyProjects\Automotive\Calibra\Modules\SPA_module\hw\SPA_module\ultrasonic_radar.SchDoc with TRS_NPN_123 from DSW_Lib.DbLib
Replace Part Q? TRS_NPN_123 in D:\MyProjects\Automotive\Calibra\Modules\SPA_module\hw\SPA_module\ultrasonic_radar.SchDoc with TRS_NPN_123 from DSW_Lib.DbLib
Replace Part Q? TRS_NPN_123 in D:\MyProjects\Automotive\Calibra\Modules\SPA_module\hw\SPA_module\ultrasonic_radar.SchDoc with TRS_NPN_123 from DSW_Lib.DbLib
Replace Part R? RES in D:\MyProjects\Automotive\Calibra\Modules\SPA_module\hw\SPA_module\ultrasonic_radar.SchDoc with RES from DSW_Lib.DbLib
Replace Part R? RES in D:\MyProjects\Automotive\Calibra\Modules\SPA_module\hw\SPA_module\ultrasonic_radar.SchDoc with RES from DSW_Lib.DbLib
Replace Part R? RES in D:\MyProjects\Automotive\Calibra\Modules\SPA_module\hw\SPA_module\ultrasonic_radar.SchDoc with RES from DSW_Lib.DbLib
Replace Part R? RES in D:\MyProjects\Automotive\Calibra\Modules\SPA_module\hw\SPA_module\ultrasonic_radar.SchDoc with RES from DSW_Lib.DbLib
Replace Part R? RES in D:\MyProjects\Automotive\Calibra\Modules\SPA_module\hw\SPA_module\ultrasonic_radar.SchDoc with RES from DSW_Lib.DbLib
Replace Part R? RES in D:\MyProjects\Automotive\Calibra\Modules\SPA_module\hw\SPA_module\ultrasonic_radar.SchDoc with RES from DSW_Lib.DbLib
Replace Part R? RES in D:\MyProjects\Automotive\Calibra\Modules\SPA_module\hw\SPA_module\ultrasonic_radar.SchDoc with RES from DSW_Lib.DbLib
Replace Part R? RES in D:\MyProjects\Automotive\Calibra\Modules\SPA_module\hw\SPA_module\ultrasonic_radar.SchDoc with RES from DSW_Lib.DbLib
Replace Part R? RES in D:\MyProjects\Automotive\Calibra\Modules\SPA_module\hw\SPA_module\ultrasonic_radar.SchDoc with RES from DSW_Lib.DbLib
Replace Part R? RES in D:\MyProjects\Automotive\Calibra\Modules\SPA_module\hw\SPA_module\ultrasonic_radar.SchDoc with RES from DSW_Lib.DbLib
Replace Part R? RES in D:\MyProjects\Automotive\Calibra\Modules\SPA_module\hw\SPA_module\ultrasonic_radar.SchDoc with RES from DSW_Lib.DbLib
Replace Part R? RES in D:\MyProjects\Automotive\Calibra\Modules\SPA_module\hw\SPA_module\ultrasonic_radar.SchDoc with RES from DSW_Lib.DbLib
Replace Part R? RES in D:\MyProjects\Automotive\Calibra\Modules\SPA_module\hw\SPA_module\ultrasonic_radar.SchDoc with RES from DSW_Lib.DbLib
Replace Part R? RES in D:\MyProjects\Automotive\Calibra\Modules\SPA_module\hw\SPA_module\ultrasonic_radar.SchDoc with RES from DSW_Lib.DbLib
Replace Part R? RES in D:\MyProjects\Automotive\Calibra\Modules\SPA_module\hw\SPA_module\ultrasonic_radar.SchDoc with RES from DSW_Lib.DbLib
Replace Part R? RES in D:\MyProjects\Automotive\Calibra\Modules\SPA_module\hw\SPA_module\ultrasonic_radar.SchDoc with RES from DSW_Lib.DbLib
Replace Part R? RES in D:\MyProjects\Automotive\Calibra\Modules\SPA_module\hw\SPA_module\ultrasonic_radar.SchDoc with RES from DSW_Lib.DbLib
Replace Part R? RES in D:\MyProjects\Automotive\Calibra\Modules\SPA_module\hw\SPA_module\ultrasonic_radar.SchDoc with RES from DSW_Lib.DbLib
Replace Part R? RES in D:\MyProjects\Automotive\Calibra\Modules\SPA_module\hw\SPA_module\ultrasonic_radar.SchDoc with RES from DSW_Lib.DbLib
Replace Part R? RES in D:\MyProjects\Automotive\Calibra\Modules\SPA_module\hw\SPA_module\ultrasonic_radar.SchDoc with RES from DSW_Lib.DbLib
Replace Part R? RES in D:\MyProjects\Automotive\Calibra\Modules\SPA_module\hw\SPA_module\ultrasonic_radar.SchDoc with RES from DSW_Lib.DbLib
