Replace Part C? CAP in D:\MyProjects\Automotive\Aprilia\moto32\moto32\hw\video_switch.SchDoc with CAP from DSW_Lib.DbLib
Replace Part C? CAP in D:\MyProjects\Automotive\Aprilia\moto32\moto32\hw\video_switch.SchDoc with CAP from DSW_Lib.DbLib
Replace Part C? CAP in D:\MyProjects\Automotive\Aprilia\moto32\moto32\hw\video_switch.SchDoc with CAP from DSW_Lib.DbLib
Replace Part C? CAP in D:\MyProjects\Automotive\Aprilia\moto32\moto32\hw\video_switch.SchDoc with CAP from DSW_Lib.DbLib
Replace Part C? CAP in D:\MyProjects\Automotive\Aprilia\moto32\moto32\hw\video_switch.SchDoc with CAP from DSW_Lib.DbLib
Replace Part C? CAP in D:\MyProjects\Automotive\Aprilia\moto32\moto32\hw\video_switch.SchDoc with CAP from DSW_Lib.DbLib
Replace Part D? DIO in D:\MyProjects\Automotive\Aprilia\moto32\moto32\hw\video_switch.SchDoc with DIO from DSW_Lib.DbLib
Replace Part D? DIO in D:\MyProjects\Automotive\Aprilia\moto32\moto32\hw\video_switch.SchDoc with DIO from DSW_Lib.DbLib
Replace Part D? DIO in D:\MyProjects\Automotive\Aprilia\moto32\moto32\hw\video_switch.SchDoc with DIO from DSW_Lib.DbLib
Replace Part D? DIO in D:\MyProjects\Automotive\Aprilia\moto32\moto32\hw\video_switch.SchDoc with DIO from DSW_Lib.DbLib
Replace Part D? IC_TI_SN74LVC1G3157DCKR in D:\MyProjects\Automotive\Aprilia\moto32\moto32\hw\video_switch.SchDoc with IC_TI_SN74LVC1G3157DCKR from DSW_Lib.DbLib
Replace Part D? IC_TI_SN74LVC1G3157DCKR in D:\MyProjects\Automotive\Aprilia\moto32\moto32\hw\video_switch.SchDoc with IC_TI_SN74LVC1G3157DCKR from DSW_Lib.DbLib
Replace Part D? IC_TI_SN74LVC1G3157DCKR in D:\MyProjects\Automotive\Aprilia\moto32\moto32\hw\video_switch.SchDoc with IC_TI_SN74LVC1G3157DCKR from DSW_Lib.DbLib
Replace Part Q? TRS_FETP_123 in D:\MyProjects\Automotive\Aprilia\moto32\moto32\hw\video_switch.SchDoc with TRS_FETP_123 from DSW_Lib.DbLib
Replace Part Q? TRS_NPN_123 in D:\MyProjects\Automotive\Aprilia\moto32\moto32\hw\video_switch.SchDoc with TRS_NPN_123 from DSW_Lib.DbLib
Replace Part Q? TRS_FETP_123 in D:\MyProjects\Automotive\Aprilia\moto32\moto32\hw\video_switch.SchDoc with TRS_FETP_123 from DSW_Lib.DbLib
Replace Part Q? TRS_NPN_123 in D:\MyProjects\Automotive\Aprilia\moto32\moto32\hw\video_switch.SchDoc with TRS_NPN_123 from DSW_Lib.DbLib
Replace Part Q? TRS_FETP_123 in D:\MyProjects\Automotive\Aprilia\moto32\moto32\hw\video_switch.SchDoc with TRS_FETP_123 from DSW_Lib.DbLib
Replace Part Q? TRS_NPN_123 in D:\MyProjects\Automotive\Aprilia\moto32\moto32\hw\video_switch.SchDoc with TRS_NPN_123 from DSW_Lib.DbLib
Replace Part Q? TRS_NPN_123 in D:\MyProjects\Automotive\Aprilia\moto32\moto32\hw\video_switch.SchDoc with TRS_NPN_123 from DSW_Lib.DbLib
Replace Part Q? TRS_FETP_123 in D:\MyProjects\Automotive\Aprilia\moto32\moto32\hw\video_switch.SchDoc with TRS_FETP_123 from DSW_Lib.DbLib
Replace Part R? RES in D:\MyProjects\Automotive\Aprilia\moto32\moto32\hw\video_switch.SchDoc with RES from DSW_Lib.DbLib
Replace Part R? RES in D:\MyProjects\Automotive\Aprilia\moto32\moto32\hw\video_switch.SchDoc with RES from DSW_Lib.DbLib
Replace Part R? RES in D:\MyProjects\Automotive\Aprilia\moto32\moto32\hw\video_switch.SchDoc with RES from DSW_Lib.DbLib
Replace Part R? RES in D:\MyProjects\Automotive\Aprilia\moto32\moto32\hw\video_switch.SchDoc with RES from DSW_Lib.DbLib
Replace Part R? RES in D:\MyProjects\Automotive\Aprilia\moto32\moto32\hw\video_switch.SchDoc with RES from DSW_Lib.DbLib
Replace Part R? RES in D:\MyProjects\Automotive\Aprilia\moto32\moto32\hw\video_switch.SchDoc with RES from DSW_Lib.DbLib
Replace Part R? RES in D:\MyProjects\Automotive\Aprilia\moto32\moto32\hw\video_switch.SchDoc with RES from DSW_Lib.DbLib
Replace Part R? RES in D:\MyProjects\Automotive\Aprilia\moto32\moto32\hw\video_switch.SchDoc with RES from DSW_Lib.DbLib
Replace Part R? RES in D:\MyProjects\Automotive\Aprilia\moto32\moto32\hw\video_switch.SchDoc with RES from DSW_Lib.DbLib
Replace Part R? RES in D:\MyProjects\Automotive\Aprilia\moto32\moto32\hw\video_switch.SchDoc with RES from DSW_Lib.DbLib
Replace Part R? RES in D:\MyProjects\Automotive\Aprilia\moto32\moto32\hw\video_switch.SchDoc with RES from DSW_Lib.DbLib
Replace Part R? RES in D:\MyProjects\Automotive\Aprilia\moto32\moto32\hw\video_switch.SchDoc with RES from DSW_Lib.DbLib
Replace Part R? RES in D:\MyProjects\Automotive\Aprilia\moto32\moto32\hw\video_switch.SchDoc with RES from DSW_Lib.DbLib
Replace Part R? RES in D:\MyProjects\Automotive\Aprilia\moto32\moto32\hw\video_switch.SchDoc with RES from DSW_Lib.DbLib
Replace Part R? RES in D:\MyProjects\Automotive\Aprilia\moto32\moto32\hw\video_switch.SchDoc with RES from DSW_Lib.DbLib
Replace Part R? RES in D:\MyProjects\Automotive\Aprilia\moto32\moto32\hw\video_switch.SchDoc with RES from DSW_Lib.DbLib
Replace Part R? RES in D:\MyProjects\Automotive\Aprilia\moto32\moto32\hw\video_switch.SchDoc with RES from DSW_Lib.DbLib
Replace Part R? RES in D:\MyProjects\Automotive\Aprilia\moto32\moto32\hw\video_switch.SchDoc with RES from DSW_Lib.DbLib
Replace Part R? RES in D:\MyProjects\Automotive\Aprilia\moto32\moto32\hw\video_switch.SchDoc with RES from DSW_Lib.DbLib
Replace Part R? RES in D:\MyProjects\Automotive\Aprilia\moto32\moto32\hw\video_switch.SchDoc with RES from DSW_Lib.DbLib
Replace Part R? RES in D:\MyProjects\Automotive\Aprilia\moto32\moto32\hw\video_switch.SchDoc with RES from DSW_Lib.DbLib
Replace Part R? RES in D:\MyProjects\Automotive\Aprilia\moto32\moto32\hw\video_switch.SchDoc with RES from DSW_Lib.DbLib
Replace Part R? RES in D:\MyProjects\Automotive\Aprilia\moto32\moto32\hw\video_switch.SchDoc with RES from DSW_Lib.DbLib
Replace Part R? RES in D:\MyProjects\Automotive\Aprilia\moto32\moto32\hw\video_switch.SchDoc with RES from DSW_Lib.DbLib
Replace Part R? RES in D:\MyProjects\Automotive\Aprilia\moto32\moto32\hw\video_switch.SchDoc with RES from DSW_Lib.DbLib
Replace Part R? RES in D:\MyProjects\Automotive\Aprilia\moto32\moto32\hw\video_switch.SchDoc with RES from DSW_Lib.DbLib
